Home Depot US Ultra Scraper starting...
Mode: scrape only
ScraperAPI: ultra_premium=true
Batch size: 100, Delay: 0.3s, Concurrency: 10
Output file: /home/paperclip/buywhere-api/data/homedepot_us/homedepot_us_20260427_105108.ndjson
Categories: 116
Target: 200000 products
[Tools / Power Tools] Starting...
[Tools] Page 1: fetching...
[Tools] Page 1: no product IDs found
[Tools] Page 2: fetching...
  Found 38 product IDs
[Tools] Page 3: fetching...
  Found 38 product IDs
[Tools] Page 4: fetching...
  Found 38 product IDs
[Tools] Page 5: fetching...
  Found 36 product IDs
[Tools] Page 6: fetching...
  Found 39 product IDs
[Tools] Page 7: fetching...
  Found 36 product IDs
[Tools] Page 8: fetching...
  Found 39 product IDs
[Tools] Page 9: fetching...
  Found 42 product IDs
[Tools] Page 10: fetching...
  Found 37 product IDs
[Tools] Page 11: fetching...
  Found 38 product IDs
[Tools] Page 12: fetching...
  Found 37 product IDs
[Tools] Page 13: fetching...
[Tools] Page 13: no product IDs found
[Tools] Page 14: fetching...
  Found 38 product IDs
[Tools] Page 15: fetching...
  Found 35 product IDs
[Tools] Page 16: fetching...
[Tools] Page 16: no product IDs found
[Tools] Page 17: fetching...
  Found 37 product IDs
[Tools] Page 18: fetching...
  Found 38 product IDs
[Tools] Page 19: fetching...
  Found 30 product IDs
[Tools] Page 20: fetching...
[Tools] Page 20: no product IDs found
[Tools] Page 21: fetching...
  Found 38 product IDs
[Tools] Page 22: fetching...
  Found 35 product IDs
[Tools] Page 23: fetching...
  Found 38 product IDs
[Tools] Page 24: fetching...
  Found 38 product IDs
[Tools] Page 25: fetching...
  Found 37 product IDs
[Tools] Page 26: fetching...
  Found 38 product IDs
[Tools] Page 27: fetching...
  Found 38 product IDs
[Tools] Page 28: fetching...
  Found 38 product IDs
[Tools] Page 29: fetching...
  Found 38 product IDs
[Tools] Page 30: fetching...
  Found 38 product IDs
[Tools] Page 31: fetching...
[Tools] Page 31: no product IDs found
[Tools] Page 32: fetching...
  Found 38 product IDs
[Tools] Page 33: fetching...
  Found 38 product IDs
[Tools] Page 34: fetching...
[Tools] Page 34: no product IDs found
[Tools] Page 35: fetching...
  Found 37 product IDs
[Tools] Page 36: fetching...
  Found 37 product IDs
[Tools] Page 37: fetching...
  Found 38 product IDs
[Tools] Page 38: fetching...
[Tools] Page 38: no product IDs found
[Tools] Page 39: fetching...
  Found 33 product IDs
[Tools] Page 40: fetching...
  Found 38 product IDs
[Tools] Page 41: fetching...
  Found 38 product IDs
[Tools] Page 42: fetching...
  Found 36 product IDs
[Tools] Page 43: fetching...
  Found 33 product IDs
[Tools] Page 44: fetching...
  Found 34 product IDs
[Tools] Page 45: fetching...
  Found 39 product IDs
[Tools] Page 46: fetching...
  Found 36 product IDs
[Tools] Page 47: fetching...
  Found 39 product IDs
[Tools] Page 48: fetching...
  Found 37 product IDs
[Tools] Page 49: fetching...
  Found 36 product IDs
[Tools] Page 50: fetching...
  Found 39 product IDs
[Tools] Page 51: fetching...
  Found 39 product IDs
[Tools] Page 52: fetching...
  Found 37 product IDs
[Tools] Page 53: fetching...
  Found 39 product IDs
[Tools] Page 54: fetching...
  Found 39 product IDs
[Tools] Page 55: fetching...
  Found 36 product IDs
[Tools] Page 56: fetching...
  Found 39 product IDs
[Tools] Page 57: fetching...
  Found 37 product IDs
[Tools] Page 58: fetching...
  Found 39 product IDs
[Tools] Page 59: fetching...
  Found 37 product IDs
[Tools] Page 60: fetching...
  Found 38 product IDs
[Tools] Page 61: fetching...
  Found 37 product IDs
[Tools] Page 62: fetching...
  Found 38 product IDs
[Tools] Page 63: fetching...
  Found 37 product IDs
[Tools] Page 64: fetching...
  Found 38 product IDs
[Tools] Page 65: fetching...
  Found 38 product IDs
[Tools] Page 66: fetching...
  Found 38 product IDs
[Tools] Page 67: fetching...
  Found 38 product IDs
[Tools] Page 68: fetching...
  Found 37 product IDs
[Tools] Page 69: fetching...
  Found 38 product IDs
[Tools] Page 70: fetching...
  Found 38 product IDs
[Tools] Page 71: fetching...
  Found 38 product IDs
[Tools] Page 72: fetching...
  Found 43 product IDs
[Tools] Page 73: fetching...
  Found 38 product IDs
[Tools] Page 74: fetching...
  Found 37 product IDs
[Tools] Page 75: fetching...
  Found 36 product IDs
[Tools] Page 76: fetching...
  Found 37 product IDs
[Tools] Page 77: fetching...
  Found 38 product IDs
[Tools] Page 78: fetching...
  Found 38 product IDs
[Tools] Page 79: fetching...
  Found 38 product IDs
[Tools] Page 80: fetching...
  Found 42 product IDs
[Tools] Page 81: fetching...
  Found 38 product IDs
[Tools] Page 82: fetching...
  Found 38 product IDs
[Tools] Page 83: fetching...
  Found 38 product IDs
[Tools] Page 84: fetching...
  Found 38 product IDs
[Tools] Page 85: fetching...
  Found 37 product IDs
[Tools] Page 86: fetching...
  Found 37 product IDs
[Tools] Page 87: fetching...
  Found 37 product IDs
[Tools] Page 88: fetching...
  Found 43 product IDs
[Tools] Page 89: fetching...
  Found 38 product IDs
[Tools] Page 90: fetching...
  Found 37 product IDs
[Tools] Page 91: fetching...
  Found 37 product IDs
[Tools] Page 92: fetching...
  Found 37 product IDs
[Tools] Page 93: fetching...
  Found 35 product IDs
[Tools] Page 94: fetching...
  Found 30 product IDs
[Tools] Page 95: fetching...
  Found 39 product IDs
[Tools] Page 96: fetching...
  Found 37 product IDs
[Tools] Page 97: fetching...
  Found 38 product IDs
[Tools] Page 98: fetching...
  Found 38 product IDs
[Tools] Page 99: fetching...
  Found 37 product IDs
[Tools] Page 100: fetching...
  Found 38 product IDs
[Tools / Power Tools] Done: {'scraped': 56, 'ingested': 56, 'updated': 0, 'failed': 0, 'pages': 93}
[Tools / Cordless Drills] Starting...
[Tools] Page 1: fetching...
  Found 12 product IDs
[Tools] Page 2: fetching...
  Found 12 product IDs
[Tools] Page 3: fetching...
  Found 12 product IDs
[Tools] Page 4: fetching...
  Found 12 product IDs
[Tools] Page 5: fetching...
  Found 12 product IDs
[Tools] Page 6: fetching...
  Found 12 product IDs
[Tools] Page 7: fetching...
  Found 12 product IDs
[Tools] Page 8: fetching...
  Found 12 product IDs
[Tools] Page 9: fetching...
  Found 12 product IDs
[Tools] Page 10: fetching...
  Found 12 product IDs
[Tools] Page 11: fetching...
[Tools] Page 11: no product IDs found
[Tools] Page 12: fetching...
  Found 12 product IDs
[Tools] Page 13: fetching...
  Found 12 product IDs
[Tools] Page 14: fetching...
  Found 12 product IDs
[Tools] Page 15: fetching...
  Found 12 product IDs
[Tools] Page 16: fetching...
  Found 12 product IDs
[Tools] Page 17: fetching...
  Found 12 product IDs
[Tools] Page 18: fetching...
  Found 12 product IDs
[Tools] Page 19: fetching...
  Found 12 product IDs
[Tools] Page 20: fetching...
  Found 12 product IDs
[Tools] Page 21: fetching...
  Found 12 product IDs
[Tools] Page 22: fetching...
  Found 12 product IDs
[Tools] Page 23: fetching...
  Found 12 product IDs
[Tools] Page 24: fetching...
  Found 12 product IDs
[Tools] Page 25: fetching...
  Found 12 product IDs
[Tools] Page 26: fetching...
[Tools] Page 26: no product IDs found
[Tools] Page 27: fetching...
  Found 12 product IDs
[Tools] Page 28: fetching...
  Found 12 product IDs
[Tools] Page 29: fetching...
  Found 12 product IDs
[Tools] Page 30: fetching...
  Found 12 product IDs
[Tools] Page 31: fetching...
  Found 12 product IDs
[Tools] Page 32: fetching...
  Found 12 product IDs
[Tools] Page 33: fetching...
  Found 12 product IDs
[Tools] Page 34: fetching...
  Found 12 product IDs
[Tools] Page 35: fetching...
  Found 12 product IDs
[Tools] Page 36: fetching...
  Found 12 product IDs
[Tools] Page 37: fetching...
  Found 12 product IDs
[Tools] Page 38: fetching...
  Found 12 product IDs
[Tools] Page 39: fetching...
  Found 12 product IDs
[Tools] Page 40: fetching...
  Found 12 product IDs
[Tools] Page 41: fetching...
  Found 12 product IDs
[Tools] Page 42: fetching...
  Found 12 product IDs
[Tools] Page 43: fetching...
  Found 12 product IDs
[Tools] Page 44: fetching...
  Found 12 product IDs
[Tools] Page 45: fetching...
  Found 12 product IDs
[Tools] Page 46: fetching...
  Found 12 product IDs
[Tools] Page 47: fetching...
  Found 12 product IDs
[Tools] Page 48: fetching...
  Found 12 product IDs
[Tools] Page 49: fetching...
  Found 12 product IDs
[Tools] Page 50: fetching...
  Found 12 product IDs
[Tools] Page 51: fetching...
  Found 12 product IDs
[Tools] Page 52: fetching...
  Found 12 product IDs
[Tools] Page 53: fetching...
  Found 12 product IDs
[Tools] Page 54: fetching...
  Found 12 product IDs
[Tools] Page 55: fetching...
  Found 12 product IDs
[Tools] Page 56: fetching...
  Found 12 product IDs
[Tools] Page 57: fetching...
  Found 12 product IDs
[Tools] Page 58: fetching...
  Found 12 product IDs
[Tools] Page 59: fetching...
  Found 12 product IDs
[Tools] Page 60: fetching...
  Found 12 product IDs
[Tools] Page 61: fetching...
  Found 12 product IDs
[Tools] Page 62: fetching...
  Found 12 product IDs
[Tools] Page 63: fetching...
  Found 12 product IDs
[Tools] Page 64: fetching...
  Found 12 product IDs
[Tools] Page 65: fetching...
  Found 12 product IDs
[Tools] Page 66: fetching...
  Found 12 product IDs
[Tools] Page 67: fetching...
  Found 12 product IDs
[Tools] Page 68: fetching...
  Found 12 product IDs
[Tools] Page 69: fetching...
  Found 12 product IDs
[Tools] Page 70: fetching...
  Found 12 product IDs
[Tools] Page 71: fetching...
  Found 12 product IDs
[Tools] Page 72: fetching...
  Found 12 product IDs
[Tools] Page 73: fetching...
  Found 12 product IDs
[Tools] Page 74: fetching...
  Found 12 product IDs
[Tools] Page 75: fetching...
[Tools] Page 75: no product IDs found
[Tools] Page 76: fetching...
  Found 12 product IDs
[Tools] Page 77: fetching...
  Found 12 product IDs
[Tools] Page 78: fetching...
  Found 12 product IDs
[Tools] Page 79: fetching...
  Found 12 product IDs
[Tools] Page 80: fetching...
  Found 12 product IDs
[Tools] Page 81: fetching...
  Found 12 product IDs
[Tools] Page 82: fetching...
  Found 12 product IDs
[Tools] Page 83: fetching...
  Found 12 product IDs
[Tools] Page 84: fetching...
  Found 12 product IDs
[Tools] Page 85: fetching...
  Found 12 product IDs
[Tools] Page 86: fetching...
  Found 12 product IDs
[Tools] Page 87: fetching...
  Found 12 product IDs
[Tools] Page 88: fetching...
  Found 12 product IDs
[Tools] Page 89: fetching...
  Found 12 product IDs
[Tools] Page 90: fetching...
  Found 12 product IDs
[Tools] Page 91: fetching...
  Found 12 product IDs
[Tools] Page 92: fetching...
  Found 12 product IDs
[Tools] Page 93: fetching...
  Found 12 product IDs
[Tools] Page 94: fetching...
  Found 12 product IDs
[Tools] Page 95: fetching...
  Found 12 product IDs
[Tools] Page 96: fetching...
  Found 12 product IDs
[Tools] Page 97: fetching...
  Found 12 product IDs
[Tools] Page 98: fetching...
  Found 12 product IDs
[Tools] Page 99: fetching...
  Found 12 product IDs
[Tools] Page 100: fetching...
  Found 12 product IDs
[Tools / Cordless Drills] Done: {'scraped': 10, 'ingested': 10, 'updated': 0, 'failed': 0, 'pages': 97}
[Tools / Circular Saws] Starting...
[Tools] Page 1: fetching...
  Found 25 product IDs
[Tools] Page 2: fetching...
  Found 25 product IDs
[Tools] Page 3: fetching...
  Found 25 product IDs
[Tools] Page 4: fetching...
  Found 25 product IDs
[Tools] Page 5: fetching...
  Found 25 product IDs
[Tools] Page 6: fetching...
  Found 25 product IDs
[Tools] Page 7: fetching...
  Found 29 product IDs
[Tools] Page 8: fetching...
  Found 26 product IDs
[Tools] Page 9: fetching...
  Found 25 product IDs
[Tools] Page 10: fetching...
  Found 26 product IDs
[Tools] Page 11: fetching...
  Found 25 product IDs
[Tools] Page 12: fetching...
  Found 25 product IDs
[Tools] Page 13: fetching...
  Found 28 product IDs
[Tools] Page 14: fetching...
  Found 25 product IDs
[Tools] Page 15: fetching...
  Found 25 product IDs
[Tools] Page 16: fetching...
  Found 30 product IDs
[Tools] Page 17: fetching...
  Found 25 product IDs
[Tools] Page 18: fetching...
  Found 25 product IDs
[Tools] Page 19: fetching...
  Found 30 product IDs
[Tools] Page 20: fetching...
  Found 25 product IDs
[Tools] Page 21: fetching...
  Found 25 product IDs
[Tools] Page 22: fetching...
  Found 25 product IDs
[Tools] Page 23: fetching...
  Found 29 product IDs
[Tools] Page 24: fetching...
  Found 26 product IDs
[Tools] Page 25: fetching...
  Found 25 product IDs
[Tools] Page 26: fetching...
  Found 25 product IDs
[Tools] Page 27: fetching...
  Found 30 product IDs
[Tools] Page 28: fetching...
  Found 25 product IDs
[Tools] Page 29: fetching...
  Found 26 product IDs
[Tools] Page 30: fetching...
  Found 25 product IDs
[Tools] Page 31: fetching...
  Found 28 product IDs
[Tools] Page 32: fetching...
  Found 26 product IDs
[Tools] Page 33: fetching...
  Found 25 product IDs
[Tools] Page 34: fetching...
  Found 25 product IDs
[Tools] Page 35: fetching...
  Found 25 product IDs
[Tools] Page 36: fetching...
  Found 25 product IDs
[Tools] Page 37: fetching...
  Found 25 product IDs
[Tools] Page 38: fetching...
  Found 25 product IDs
[Tools] Page 39: fetching...
  Found 25 product IDs
[Tools] Page 40: fetching...
  Found 25 product IDs
[Tools] Page 41: fetching...
  Found 25 product IDs
[Tools] Page 42: fetching...
  Found 24 product IDs
[Tools] Page 43: fetching...
  Found 30 product IDs
[Tools] Page 44: fetching...
  Found 29 product IDs
[Tools] Page 45: fetching...
  Found 25 product IDs
[Tools] Page 46: fetching...
  Found 29 product IDs
[Tools] Page 47: fetching...
  Found 25 product IDs
[Tools] Page 48: fetching...
  Found 26 product IDs
[Tools] Page 49: fetching...
  Found 25 product IDs
[Tools] Page 50: fetching...
  Found 24 product IDs
[Tools] Page 51: fetching...
  Found 30 product IDs
[Tools] Page 52: fetching...
  Found 25 product IDs
[Tools] Page 53: fetching...
  Found 30 product IDs
[Tools] Page 54: fetching...
  Found 25 product IDs
[Tools] Page 55: fetching...
  Found 25 product IDs
[Tools] Page 56: fetching...
  Found 25 product IDs
[Tools] Page 57: fetching...
  Found 25 product IDs
[Tools] Page 58: fetching...
  Found 29 product IDs
[Tools] Page 59: fetching...
  Found 24 product IDs
[Tools] Page 60: fetching...
  Found 24 product IDs
[Tools] Page 61: fetching...
  Found 25 product IDs
[Tools] Page 62: fetching...
  Found 25 product IDs
[Tools] Page 63: fetching...
  Found 25 product IDs
[Tools] Page 64: fetching...
  Found 25 product IDs
[Tools] Page 65: fetching...
  Found 25 product IDs
[Tools] Page 66: fetching...
  Found 29 product IDs
[Tools] Page 67: fetching...
  Found 25 product IDs
[Tools] Page 68: fetching...
  Found 32 product IDs
[Tools] Page 69: fetching...
  Found 25 product IDs
[Tools] Page 70: fetching...
  Found 25 product IDs
[Tools] Page 71: fetching...
  Found 36 product IDs
[Tools] Page 72: fetching...
  Found 24 product IDs
[Tools] Page 73: fetching...
  Found 24 product IDs
[Tools] Page 74: fetching...
  Found 30 product IDs
[Tools] Page 75: fetching...
  Found 26 product IDs
[Tools] Page 76: fetching...
  Found 24 product IDs
[Tools] Page 77: fetching...
  Found 25 product IDs
[Tools] Page 78: fetching...
  Found 25 product IDs
[Tools] Page 79: fetching...
  Found 26 product IDs
[Tools] Page 80: fetching...
  Found 25 product IDs
[Tools] Page 81: fetching...
  Found 25 product IDs
[Tools] Page 82: fetching...
  Found 29 product IDs
[Tools] Page 83: fetching...
  Found 25 product IDs
[Tools] Page 84: fetching...
  Found 25 product IDs
[Tools] Page 85: fetching...
  Found 25 product IDs
[Tools] Page 86: fetching...
  Found 25 product IDs
[Tools] Page 87: fetching...
  Found 25 product IDs
[Tools] Page 88: fetching...
  Found 31 product IDs
[Tools] Page 89: fetching...
  Found 25 product IDs
[Tools] Page 90: fetching...
  Found 31 product IDs
[Tools] Page 91: fetching...
  Found 25 product IDs
[Tools] Page 92: fetching...
  Found 27 product IDs
[Tools] Page 93: fetching...
  Found 28 product IDs
[Tools] Page 94: fetching...
  Found 25 product IDs
[Tools] Page 95: fetching...
  Found 32 product IDs
[Tools] Page 96: fetching...
  Found 25 product IDs
[Tools] Page 97: fetching...
  Found 25 product IDs
[Tools] Page 98: fetching...
  Found 25 product IDs
[Tools] Page 99: fetching...
  Found 25 product IDs
[Tools] Page 100: fetching...
  Found 25 product IDs
[Tools / Circular Saws] Done: {'scraped': 51, 'ingested': 51, 'updated': 0, 'failed': 0, 'pages': 100}
[Tools / Hand Tools] Starting...
[Tools] Page 1: fetching...
[Tools] Page 1: no product IDs found
[Tools] Page 2: fetching...
[Tools] Page 2: no product IDs found
[Tools] Page 3: fetching...
  Found 24 product IDs
[Tools] Page 4: fetching...
  Found 24 product IDs
[Tools] Page 5: fetching...
[Tools] Page 5: no product IDs found
[Tools] Page 6: fetching...
[Tools] Page 6: no product IDs found
[Tools] Page 7: fetching...
  Found 24 product IDs
[Tools] Page 8: fetching...
  Found 24 product IDs
[Tools] Page 9: fetching...
[Tools] Page 9: no product IDs found
[Tools] Page 10: fetching...
[Tools] Page 10: no product IDs found
[Tools] Page 11: fetching...
  Found 24 product IDs
[Tools] Page 12: fetching...
  Found 24 product IDs
[Tools] Page 13: fetching...
  Found 24 product IDs
[Tools] Page 14: fetching...
[Tools] Page 14: no product IDs found
[Tools] Page 15: fetching...
  Found 24 product IDs
[Tools] Page 16: fetching...
  Found 24 product IDs
[Tools] Page 17: fetching...
[Tools] Page 17: no product IDs found
[Tools] Page 18: fetching...
  Found 24 product IDs
[Tools] Page 19: fetching...
  Found 24 product IDs
[Tools] Page 20: fetching...
[Tools] Page 20: no product IDs found
[Tools] Page 21: fetching...
[Tools] Page 21: no product IDs found
[Tools] Page 22: fetching...
[Tools] No products for 3 consecutive pages, ending pagination
[Tools / Hand Tools] Done: {'scraped': 21, 'ingested': 21, 'updated': 0, 'failed': 0, 'pages': 11}
[Tools / Screwdrivers] Starting...
[Tools] Page 1: fetching...
  Found 38 product IDs
[Tools] Page 2: fetching...
  Found 33 product IDs
[Tools] Page 3: fetching...
  Found 28 product IDs
[Tools] Page 4: fetching...
  Found 33 product IDs
[Tools] Page 5: fetching...
  Found 28 product IDs
[Tools] Page 6: fetching...
  Found 33 product IDs
[Tools] Page 7: fetching...
  Found 33 product IDs
[Tools] Page 8: fetching...
  Found 33 product IDs
[Tools] Page 9: fetching...
[Tools] Page 9: no product IDs found
[Tools] Page 10: fetching...
  Found 33 product IDs
[Tools] Page 11: fetching...
  Found 28 product IDs
[Tools] Page 12: fetching...
  Found 36 product IDs
[Tools] Page 13: fetching...
  Found 40 product IDs
[Tools] Page 14: fetching...
  Found 33 product IDs
[Tools] Page 15: fetching...
  Found 33 product IDs
[Tools] Page 16: fetching...
  Found 32 product IDs
[Tools] Page 17: fetching...
  Found 33 product IDs
[Tools] Page 18: fetching...
  Found 33 product IDs
[Tools] Page 19: fetching...
  Found 32 product IDs
[Tools] Page 20: fetching...
  Found 28 product IDs
[Tools] Page 21: fetching...
  Found 37 product IDs
[Tools] Page 22: fetching...
  Found 33 product IDs
[Tools] Page 23: fetching...
  Found 33 product IDs
[Tools] Page 24: fetching...
  Found 33 product IDs
[Tools] Page 25: fetching...
  Found 33 product IDs
[Tools] Page 26: fetching...
  Found 33 product IDs
[Tools] Page 27: fetching...
  Found 26 product IDs
[Tools] Page 28: fetching...
  Found 33 product IDs
[Tools] Page 29: fetching...
  Found 27 product IDs
[Tools] Page 30: fetching...
  Found 28 product IDs
[Tools] Page 31: fetching...
  Found 33 product IDs
[Tools] Page 32: fetching...
  Found 33 product IDs
[Tools] Page 33: fetching...
  Found 28 product IDs
[Tools] Page 34: fetching...
  Found 28 product IDs
[Tools] Page 35: fetching...
  Found 36 product IDs
[Tools] Page 36: fetching...
  Found 33 product IDs
[Tools] Page 37: fetching...
  Found 33 product IDs
[Tools] Page 38: fetching...
  Found 38 product IDs
[Tools] Page 39: fetching...
[Tools] Page 39: no product IDs found
[Tools] Page 40: fetching...
  Found 28 product IDs
[Tools] Page 41: fetching...
  Found 28 product IDs
[Tools] Page 42: fetching...
  Found 33 product IDs
[Tools] Page 43: fetching...
  Found 32 product IDs
[Tools] Page 44: fetching...
[Tools] Page 44: no product IDs found
[Tools] Page 45: fetching...
  Found 28 product IDs
[Tools] Page 46: fetching...
  Found 32 product IDs
[Tools] Page 47: fetching...
  Found 33 product IDs
[Tools] Page 48: fetching...
  Found 33 product IDs
[Tools] Page 49: fetching...
  Found 33 product IDs
[Tools] Page 50: fetching...
  Found 33 product IDs
[Tools] Page 51: fetching...
  Found 33 product IDs
[Tools] Page 52: fetching...
  Found 32 product IDs
[Tools] Page 53: fetching...
  Found 28 product IDs
[Tools] Page 54: fetching...
  Found 28 product IDs
[Tools] Page 55: fetching...
  Found 33 product IDs
[Tools] Page 56: fetching...
  Found 33 product IDs
[Tools] Page 57: fetching...
  Found 33 product IDs
[Tools] Page 58: fetching...
  Found 5 product IDs
[Tools] Page 59: fetching...
  Found 33 product IDs
[Tools] Page 60: fetching...
  Found 28 product IDs
[Tools] Page 61: fetching...
  Found 28 product IDs
[Tools] Page 62: fetching...
  Found 38 product IDs
[Tools] Page 63: fetching...
  Found 33 product IDs
[Tools] Page 64: fetching...
  Found 33 product IDs
[Tools] Page 65: fetching...
  Found 33 product IDs
[Tools] Page 66: fetching...
[Tools] Page 66: no product IDs found
[Tools] Page 67: fetching...
  Found 31 product IDs
[Tools] Page 68: fetching...
  Found 33 product IDs
[Tools] Page 69: fetching...
  Found 28 product IDs
[Tools] Page 70: fetching...
  Found 33 product IDs
[Tools] Page 71: fetching...
[Tools] Page 71: no product IDs found
[Tools] Page 72: fetching...
  Found 28 product IDs
[Tools] Page 73: fetching...
  Found 33 product IDs
[Tools] Page 74: fetching...
  Found 28 product IDs
[Tools] Page 75: fetching...
  Found 33 product IDs
[Tools] Page 76: fetching...
  Found 33 product IDs
[Tools] Page 77: fetching...
  Found 28 product IDs
[Tools] Page 78: fetching...
  Found 28 product IDs
[Tools] Page 79: fetching...
  Found 28 product IDs
[Tools] Page 80: fetching...
  Found 32 product IDs
[Tools] Page 81: fetching...
  Found 33 product IDs
[Tools] Page 82: fetching...
  Found 28 product IDs
[Tools] Page 83: fetching...
  Found 28 product IDs
[Tools] Page 84: fetching...
  Found 42 product IDs
[Tools] Page 85: fetching...
[Tools] Page 85: no product IDs found
[Tools] Page 86: fetching...
  Found 28 product IDs
[Tools] Page 87: fetching...
  Found 33 product IDs
[Tools] Page 88: fetching...
  Found 28 product IDs
[Tools] Page 89: fetching...
  Found 33 product IDs
[Tools] Page 90: fetching...
  Found 28 product IDs
[Tools] Page 91: fetching...
  Found 33 product IDs
[Tools] Page 92: fetching...
  Found 28 product IDs
[Tools] Page 93: fetching...
  Found 33 product IDs
[Tools] Page 94: fetching...
  Found 39 product IDs
[Tools] Page 95: fetching...
  Found 28 product IDs
[Tools] Page 96: fetching...
  Found 33 product IDs
[Tools] Page 97: fetching...
  Found 33 product IDs
[Tools] Page 98: fetching...
[Tools] Page 98: no product IDs found
[Tools] Page 99: fetching...
  Found 32 product IDs
[Tools] Page 100: fetching...
[Tools] Page 100: no product IDs found
[Tools / Screwdrivers] Done: {'scraped': 68, 'ingested': 68, 'updated': 0, 'failed': 0, 'pages': 92}
[Tools / Hammers] Starting...
[Tools] Page 1: fetching...
  Found 42 product IDs
[Tools] Page 2: fetching...
  Found 34 product IDs
[Tools] Page 3: fetching...
  Found 42 product IDs
[Tools] Page 4: fetching...
  Found 42 product IDs
[Tools] Page 5: fetching...
  Found 42 product IDs
[Tools] Page 6: fetching...
  Found 42 product IDs
[Tools] Page 7: fetching...
  Found 42 product IDs
[Tools] Page 8: fetching...
  Found 42 product IDs
[Tools] Page 9: fetching...
  Found 42 product IDs
[Tools] Page 10: fetching...
  Found 42 product IDs
[Tools] Page 11: fetching...
  Found 42 product IDs
[Tools] Page 12: fetching...
  Found 42 product IDs
[Tools] Page 13: fetching...
  Found 42 product IDs
[Tools] Page 14: fetching...
  Found 42 product IDs
[Tools] Page 15: fetching...
  Found 42 product IDs
[Tools] Page 16: fetching...
  Found 42 product IDs
[Tools] Page 17: fetching...
  Found 42 product IDs
[Tools] Page 18: fetching...
  Found 42 product IDs
[Tools] Page 19: fetching...
  Found 42 product IDs
[Tools] Page 20: fetching...
[Tools] Page 20: no product IDs found
[Tools] Page 21: fetching...
  Found 42 product IDs
[Tools] Page 22: fetching...
  Found 42 product IDs
[Tools] Page 23: fetching...
  Found 42 product IDs
[Tools] Page 24: fetching...
  Found 42 product IDs
[Tools] Page 25: fetching...
  Found 42 product IDs
[Tools] Page 26: fetching...
  Found 42 product IDs
[Tools] Page 27: fetching...
  Found 42 product IDs
[Tools] Page 28: fetching...
  Found 42 product IDs
[Tools] Page 29: fetching...
  Found 42 product IDs
[Tools] Page 30: fetching...
  Found 42 product IDs
[Tools] Page 31: fetching...
  Found 42 product IDs
[Tools] Page 32: fetching...
  Found 42 product IDs
[Tools] Page 33: fetching...
  Found 42 product IDs
[Tools] Page 34: fetching...
  Found 34 product IDs
[Tools] Page 35: fetching...
  Found 42 product IDs
[Tools] Page 36: fetching...
  Found 42 product IDs
[Tools] Page 37: fetching...
  Found 42 product IDs
[Tools] Page 38: fetching...
  Found 42 product IDs
[Tools] Page 39: fetching...
[Tools] Page 39: no product IDs found
[Tools] Page 40: fetching...
  Found 42 product IDs
[Tools] Page 41: fetching...
  Found 42 product IDs
[Tools] Page 42: fetching...
  Found 42 product IDs
[Tools] Page 43: fetching...
  Found 42 product IDs
[Tools] Page 44: fetching...
  Found 42 product IDs
[Tools] Page 45: fetching...
  Found 42 product IDs
[Tools] Page 46: fetching...
  Found 42 product IDs
[Tools] Page 47: fetching...
  Found 42 product IDs
[Tools] Page 48: fetching...
  Found 42 product IDs
[Tools] Page 49: fetching...
[Tools] Page 49: no product IDs found
[Tools] Page 50: fetching...
  Found 42 product IDs
[Tools] Page 51: fetching...
  Found 42 product IDs
[Tools] Page 52: fetching...
  Found 42 product IDs
[Tools] Page 53: fetching...
  Found 42 product IDs
[Tools] Page 54: fetching...
  Found 42 product IDs
[Tools] Page 55: fetching...
  Found 42 product IDs
[Tools] Page 56: fetching...
  Found 42 product IDs
[Tools] Page 57: fetching...
  Found 42 product IDs
[Tools] Page 58: fetching...
  Found 42 product IDs
[Tools] Page 59: fetching...
  Found 42 product IDs
[Tools] Page 60: fetching...
  Found 34 product IDs
[Tools] Page 61: fetching...
  Found 42 product IDs
[Tools] Page 62: fetching...
  Found 42 product IDs
[Tools] Page 63: fetching...
  Found 42 product IDs
[Tools] Page 64: fetching...
  Found 42 product IDs
[Tools] Page 65: fetching...
  Found 42 product IDs
[Tools] Page 66: fetching...
  Found 42 product IDs
[Tools] Page 67: fetching...
  Found 42 product IDs
[Tools] Page 68: fetching...
  Found 42 product IDs
[Tools] Page 69: fetching...
  Found 42 product IDs
[Tools] Page 70: fetching...
  Found 42 product IDs
[Tools] Page 71: fetching...
  Found 42 product IDs
[Tools] Page 72: fetching...
  Found 42 product IDs
[Tools] Page 73: fetching...
  Found 42 product IDs
[Tools] Page 74: fetching...
[Tools] Page 74: no product IDs found
[Tools] Page 75: fetching...
  Found 42 product IDs
[Tools] Page 76: fetching...
  Found 42 product IDs
[Tools] Page 77: fetching...
  Found 42 product IDs
[Tools] Page 78: fetching...
  Found 42 product IDs
[Tools] Page 79: fetching...
  Found 42 product IDs
[Tools] Page 80: fetching...
  Found 42 product IDs
[Tools] Page 81: fetching...
  Found 42 product IDs
[Tools] Page 82: fetching...
  Found 42 product IDs
[Tools] Page 83: fetching...
  Found 42 product IDs
[Tools] Page 84: fetching...
  Found 42 product IDs
[Tools] Page 85: fetching...
  Found 42 product IDs
[Tools] Page 86: fetching...
  Found 42 product IDs
[Tools] Page 87: fetching...
  Found 42 product IDs
[Tools] Page 88: fetching...
  Found 42 product IDs
[Tools] Page 89: fetching...
  Found 42 product IDs
[Tools] Page 90: fetching...
  Found 42 product IDs
[Tools] Page 91: fetching...
[Tools] Page 91: no product IDs found
[Tools] Page 92: fetching...
  Found 42 product IDs
[Tools] Page 93: fetching...
  Found 42 product IDs
[Tools] Page 94: fetching...
  Found 42 product IDs
[Tools] Page 95: fetching...
  Found 42 product IDs
[Tools] Page 96: fetching...
  Found 42 product IDs
[Tools] Page 97: fetching...
  Found 42 product IDs
[Tools] Page 98: fetching...
  Found 42 product IDs
[Tools] Page 99: fetching...
  Found 42 product IDs
[Tools] Page 100: fetching...
  Found 42 product IDs
[Tools / Hammers] Done: {'scraped': 48, 'ingested': 48, 'updated': 0, 'failed': 0, 'pages': 95}
[Tools / Wrench Sets] Starting...
[Tools] Page 1: fetching...
  Found 28 product IDs
[Tools] Page 2: fetching...
  Found 29 product IDs
[Tools] Page 3: fetching...
  Found 13 product IDs
[Tools] Page 4: fetching...
  Found 28 product IDs
[Tools] Page 5: fetching...
  Found 28 product IDs
[Tools] Page 6: fetching...
  Found 28 product IDs
[Tools] Page 7: fetching...
  Found 29 product IDs
[Tools] Page 8: fetching...
  Found 28 product IDs
[Tools] Page 9: fetching...
  Found 29 product IDs
[Tools] Page 10: fetching...
  Found 29 product IDs
[Tools] Page 11: fetching...
  Found 33 product IDs
[Tools] Page 12: fetching...
  Found 29 product IDs
[Tools] Page 13: fetching...
  Found 29 product IDs
[Tools] Page 14: fetching...
  Found 29 product IDs
[Tools] Page 15: fetching...
  Found 29 product IDs
[Tools] Page 16: fetching...
  Found 28 product IDs
[Tools] Page 17: fetching...
  Found 28 product IDs
[Tools] Page 18: fetching...
  Found 28 product IDs
[Tools] Page 19: fetching...
  Found 28 product IDs
[Tools] Page 20: fetching...
  Found 28 product IDs
[Tools] Page 21: fetching...
  Found 34 product IDs
[Tools] Page 22: fetching...
  Found 27 product IDs
[Tools] Page 23: fetching...
  Found 28 product IDs
[Tools] Page 24: fetching...
  Found 29 product IDs
[Tools] Page 25: fetching...
  Found 28 product IDs
[Tools] Page 26: fetching...
  Found 29 product IDs
[Tools] Page 27: fetching...
  Found 35 product IDs
[Tools] Page 28: fetching...
  Found 28 product IDs
[Tools] Page 29: fetching...
  Found 29 product IDs
[Tools] Page 30: fetching...
  Found 28 product IDs
[Tools] Page 31: fetching...
  Found 28 product IDs
[Tools] Page 32: fetching...
  Found 28 product IDs
[Tools] Page 33: fetching...
  Found 29 product IDs
[Tools] Page 34: fetching...
  Found 29 product IDs
[Tools] Page 35: fetching...
  Found 28 product IDs
[Tools] Page 36: fetching...
  Found 28 product IDs
[Tools] Page 37: fetching...
  Found 28 product IDs
[Tools] Page 38: fetching...
  Found 29 product IDs
[Tools] Page 39: fetching...
  Found 28 product IDs
[Tools] Page 40: fetching...
  Found 29 product IDs
[Tools] Page 41: fetching...
  Found 29 product IDs
[Tools] Page 42: fetching...
  Found 28 product IDs
[Tools] Page 43: fetching...
  Found 28 product IDs
[Tools] Page 44: fetching...
  Found 28 product IDs
[Tools] Page 45: fetching...
  Found 27 product IDs
[Tools] Page 46: fetching...
  Found 28 product IDs
[Tools] Page 47: fetching...
  Found 28 product IDs
[Tools] Page 48: fetching...
  Found 29 product IDs
[Tools] Page 49: fetching...
  Found 28 product IDs
[Tools] Page 50: fetching...
  Found 29 product IDs
[Tools] Page 51: fetching...
  Found 29 product IDs
[Tools] Page 52: fetching...
  Found 29 product IDs
[Tools] Page 53: fetching...
  Found 29 product IDs
[Tools] Page 54: fetching...
  Found 29 product IDs
[Tools] Page 55: fetching...
  Found 28 product IDs
[Tools] Page 56: fetching...
  Found 28 product IDs
[Tools] Page 57: fetching...
  Found 28 product IDs
[Tools] Page 58: fetching...
  Found 28 product IDs
[Tools] Page 59: fetching...
  Found 29 product IDs
[Tools] Page 60: fetching...
  Found 28 product IDs
[Tools] Page 61: fetching...
  Found 29 product IDs
[Tools] Page 62: fetching...
  Found 29 product IDs
[Tools] Page 63: fetching...
  Found 29 product IDs
[Tools] Page 64: fetching...
  Found 28 product IDs
[Tools] Page 65: fetching...
  Found 28 product IDs
[Tools] Page 66: fetching...
  Found 27 product IDs
[Tools] Page 67: fetching...
  Found 29 product IDs
[Tools] Page 68: fetching...
  Found 27 product IDs
[Tools] Page 69: fetching...
  Found 28 product IDs
[Tools] Page 70: fetching...
  Found 27 product IDs
[Tools] Page 71: fetching...
[Tools] Page 71: no product IDs found
[Tools] Page 72: fetching...
  Found 28 product IDs
[Tools] Page 73: fetching...
  Found 28 product IDs
[Tools] Page 74: fetching...
[Tools] Page 74: no product IDs found
[Tools] Page 75: fetching...
  Found 27 product IDs
[Tools] Page 76: fetching...
  Found 28 product IDs
[Tools] Page 77: fetching...
  Found 28 product IDs
[Tools] Page 78: fetching...
  Found 28 product IDs
[Tools] Page 79: fetching...
[Tools] Page 79: no product IDs found
[Tools] Page 80: fetching...
  Found 27 product IDs
[Tools] Page 81: fetching...
  Found 28 product IDs
[Tools] Page 82: fetching...
  Found 35 product IDs
[Tools] Page 83: fetching...
  Found 27 product IDs
[Tools] Page 84: fetching...
[Tools] Page 84: no product IDs found
[Tools] Page 85: fetching...
[Tools] Page 85: no product IDs found
[Tools] Page 86: fetching...
[Tools] No products for 3 consecutive pages, ending pagination
[Tools / Wrench Sets] Done: {'scraped': 36, 'ingested': 36, 'updated': 0, 'failed': 0, 'pages': 80}
[Tools / Sanders] Starting...
[Tools] Page 1: fetching...
  Found 24 product IDs
[Tools] Page 2: fetching...
  Found 30 product IDs
[Tools] Page 3: fetching...
  Found 30 product IDs
[Tools] Page 4: fetching...
  Found 30 product IDs
[Tools] Page 5: fetching...
  Found 30 product IDs
[Tools] Page 6: fetching...
  Found 30 product IDs
[Tools] Page 7: fetching...
  Found 30 product IDs
[Tools] Page 8: fetching...
  Found 30 product IDs
[Tools] Page 9: fetching...
  Found 30 product IDs
[Tools] Page 10: fetching...
  Found 30 product IDs
[Tools] Page 11: fetching...
  Found 30 product IDs
[Tools] Page 12: fetching...
  Found 30 product IDs
[Tools] Page 13: fetching...
  Found 30 product IDs
[Tools] Page 14: fetching...
  Found 30 product IDs
[Tools] Page 15: fetching...
  Found 30 product IDs
[Tools] Page 16: fetching...
  Found 30 product IDs
[Tools] Page 17: fetching...
  Found 30 product IDs
[Tools] Page 18: fetching...
  Found 30 product IDs
[Tools] Page 19: fetching...
  Found 30 product IDs
[Tools] Page 20: fetching...
  Found 30 product IDs
[Tools] Page 21: fetching...
  Found 30 product IDs
[Tools] Page 22: fetching...
  Found 30 product IDs
[Tools] Page 23: fetching...
  Found 30 product IDs
[Tools] Page 24: fetching...
  Found 30 product IDs
[Tools] Page 25: fetching...
  Found 24 product IDs
[Tools] Page 26: fetching...
  Found 30 product IDs
[Tools] Page 27: fetching...
  Found 30 product IDs
[Tools] Page 28: fetching...
  Found 30 product IDs
[Tools] Page 29: fetching...
  Found 30 product IDs
[Tools] Page 30: fetching...
  Found 30 product IDs
[Tools] Page 31: fetching...
[Tools] Page 31: no product IDs found
[Tools] Page 32: fetching...
  Found 30 product IDs
[Tools] Page 33: fetching...
  Found 30 product IDs
[Tools] Page 34: fetching...
  Found 30 product IDs
[Tools] Page 35: fetching...
  Found 30 product IDs
[Tools] Page 36: fetching...
  Found 30 product IDs
[Tools] Page 37: fetching...
  Found 30 product IDs
[Tools] Page 38: fetching...
  Found 30 product IDs
[Tools] Page 39: fetching...
  Found 24 product IDs
[Tools] Page 40: fetching...
  Found 30 product IDs
[Tools] Page 41: fetching...
  Found 30 product IDs
[Tools] Page 42: fetching...
  Found 30 product IDs
[Tools] Page 43: fetching...
  Found 30 product IDs
[Tools] Page 44: fetching...
  Found 30 product IDs
[Tools] Page 45: fetching...
  Found 30 product IDs
[Tools] Page 46: fetching...
  Found 30 product IDs
[Tools] Page 47: fetching...
  Found 30 product IDs
[Tools] Page 48: fetching...
  Found 30 product IDs
[Tools] Page 49: fetching...
  Found 30 product IDs
[Tools] Page 50: fetching...
  Found 30 product IDs
[Tools] Page 51: fetching...
  Found 30 product IDs
[Tools] Page 52: fetching...
  Found 30 product IDs
[Tools] Page 53: fetching...
  Found 30 product IDs
[Tools] Page 54: fetching...
  Found 30 product IDs
[Tools] Page 55: fetching...
  Found 30 product IDs
[Tools] Page 56: fetching...
  Found 30 product IDs
[Tools] Page 57: fetching...
  Found 30 product IDs
[Tools] Page 58: fetching...
  Found 30 product IDs
[Tools] Page 59: fetching...
  Found 11 product IDs
[Tools] Page 60: fetching...
  Found 30 product IDs
[Tools] Page 61: fetching...
  Found 30 product IDs
[Tools] Page 62: fetching...
  Found 30 product IDs
[Tools] Page 63: fetching...
  Found 33 product IDs
[Tools] Page 64: fetching...
  Found 30 product IDs
[Tools] Page 65: fetching...
  Found 30 product IDs
[Tools] Page 66: fetching...
  Found 30 product IDs
[Tools] Page 67: fetching...
  Found 30 product IDs
[Tools] Page 68: fetching...
  Found 30 product IDs
[Tools] Page 69: fetching...
  Found 30 product IDs
[Tools] Page 70: fetching...
  Found 30 product IDs
[Tools] Page 71: fetching...
  Found 30 product IDs
[Tools] Page 72: fetching...
  Found 24 product IDs
[Tools] Page 73: fetching...
  Found 30 product IDs
[Tools] Page 74: fetching...
  Found 30 product IDs
[Tools] Page 75: fetching...
  Found 30 product IDs
[Tools] Page 76: fetching...
  Found 30 product IDs
[Tools] Page 77: fetching...
  Found 30 product IDs
[Tools] Page 78: fetching...
  Found 30 product IDs
[Tools] Page 79: fetching...
  Found 30 product IDs
[Tools] Page 80: fetching...
  Found 30 product IDs
[Tools] Page 81: fetching...
  Found 30 product IDs
[Tools] Page 82: fetching...
  Found 30 product IDs
[Tools] Page 83: fetching...
  Found 30 product IDs
[Tools] Page 84: fetching...
[Tools] Page 84: no product IDs found
[Tools] Page 85: fetching...
  Found 30 product IDs
[Tools] Page 86: fetching...
  Found 30 product IDs
[Tools] Page 87: fetching...
  Found 30 product IDs
[Tools] Page 88: fetching...
  Found 30 product IDs
[Tools] Page 89: fetching...
  Found 30 product IDs
[Tools] Page 90: fetching...
  Found 30 product IDs
[Tools] Page 91: fetching...
  Found 24 product IDs
[Tools] Page 92: fetching...
  Found 30 product IDs
[Tools] Page 93: fetching...
  Found 30 product IDs
[Tools] Page 94: fetching...
  Found 30 product IDs
[Tools] Page 95: fetching...
  Found 30 product IDs
[Tools] Page 96: fetching...
  Found 29 product IDs
[Tools] Page 97: fetching...
  Found 30 product IDs
[Tools] Page 98: fetching...
  Found 30 product IDs
[Tools] Page 99: fetching...
  Found 30 product IDs
[Tools] Page 100: fetching...
  Found 30 product IDs
[Tools / Sanders] Done: {'scraped': 42, 'ingested': 42, 'updated': 0, 'failed': 0, 'pages': 98}
[Tools / Nail Guns] Starting...
[Tools] Page 1: fetching...
[Tools] Page 1: no product IDs found
[Tools] Page 2: fetching...
[Tools] Page 2: no product IDs found
[Tools] Page 3: fetching...
[Tools] No products for 3 consecutive pages, ending pagination
[Tools / Nail Guns] Done: {'scraped': 0, 'ingested': 0, 'updated': 0, 'failed': 0, 'pages': 0}
[Tools / Air Compressors] Starting...
[Tools] Page 1: fetching...
[Tools] Page 1: no product IDs found
[Tools] Page 2: fetching...
[Tools] Page 2: no product IDs found
[Tools] Page 3: fetching...
[Tools] No products for 3 consecutive pages, ending pagination
[Tools / Air Compressors] Done: {'scraped': 0, 'ingested': 0, 'updated': 0, 'failed': 0, 'pages': 0}
[Tools / Routers] Starting...
[Tools] Page 1: fetching...
  Found 25 product IDs
[Tools] Page 2: fetching...
  Found 25 product IDs
[Tools] Page 3: fetching...
  Found 30 product IDs
[Tools] Page 4: fetching...
  Found 26 product IDs
[Tools] Page 5: fetching...
  Found 26 product IDs
[Tools] Page 6: fetching...
  Found 31 product IDs
[Tools] Page 7: fetching...
[Tools] Page 7: no product IDs found
[Tools] Page 8: fetching...
  Found 26 product IDs
[Tools] Page 9: fetching...
  Found 26 product IDs
[Tools] Page 10: fetching...
  Found 25 product IDs
[Tools] Page 11: fetching...
  Found 26 product IDs
[Tools] Page 12: fetching...
  Found 25 product IDs
[Tools] Page 13: fetching...
  Found 25 product IDs
[Tools] Page 14: fetching...
  Found 26 product IDs
[Tools] Page 15: fetching...
  Found 32 product IDs
[Tools] Page 16: fetching...
  Found 25 product IDs
[Tools] Page 17: fetching...
  Found 32 product IDs
[Tools] Page 18: fetching...
  Found 26 product IDs
[Tools] Page 19: fetching...
  Found 26 product IDs
[Tools] Page 20: fetching...
  Found 28 product IDs
[Tools] Page 21: fetching...
  Found 25 product IDs
[Tools] Page 22: fetching...
  Found 25 product IDs
[Tools] Page 23: fetching...
  Found 26 product IDs
[Tools] Page 24: fetching...
  Found 25 product IDs
[Tools] Page 25: fetching...
  Found 26 product IDs
[Tools] Page 26: fetching...
  Found 26 product IDs
[Tools] Page 27: fetching...
  Found 25 product IDs
[Tools] Page 28: fetching...
  Found 29 product IDs
[Tools] Page 29: fetching...
  Found 28 product IDs
[Tools] Page 30: fetching...
  Found 26 product IDs
[Tools] Page 31: fetching...
  Found 26 product IDs
[Tools] Page 32: fetching...
  Found 26 product IDs
[Tools] Page 33: fetching...
  Found 26 product IDs
[Tools] Page 34: fetching...
  Found 26 product IDs
[Tools] Page 35: fetching...
  Found 25 product IDs
[Tools] Page 36: fetching...
  Found 25 product IDs
[Tools] Page 37: fetching...
  Found 25 product IDs
[Tools] Page 38: fetching...
  Found 25 product IDs
[Tools] Page 39: fetching...
  Found 25 product IDs
[Tools] Page 40: fetching...
  Found 29 product IDs
[Tools] Page 41: fetching...
[Tools] Page 41: no product IDs found
[Tools] Page 42: fetching...
  Found 26 product IDs
[Tools] Page 43: fetching...
  Found 25 product IDs
[Tools] Page 44: fetching...
  Found 28 product IDs
[Tools] Page 45: fetching...
  Found 25 product IDs
[Tools] Page 46: fetching...
[Tools] Page 46: no product IDs found
[Tools] Page 47: fetching...
  Found 26 product IDs
[Tools] Page 48: fetching...
  Found 26 product IDs
[Tools] Page 49: fetching...
  Found 26 product IDs
[Tools] Page 50: fetching...
  Found 26 product IDs
[Tools] Page 51: fetching...
  Found 25 product IDs
[Tools] Page 52: fetching...
  Found 26 product IDs
[Tools] Page 53: fetching...
  Found 26 product IDs
[Tools] Page 54: fetching...
  Found 25 product IDs
[Tools] Page 55: fetching...
  Found 31 product IDs
[Tools] Page 56: fetching...
  Found 28 product IDs
[Tools] Page 57: fetching...
  Found 27 product IDs
[Tools] Page 58: fetching...
  Found 25 product IDs
[Tools] Page 59: fetching...
  Found 28 product IDs
[Tools] Page 60: fetching...
[Tools] Page 60: no product IDs found
[Tools] Page 61: fetching...
  Found 25 product IDs
[Tools] Page 62: fetching...
  Found 25 product IDs
[Tools] Page 63: fetching...
  Found 28 product IDs
[Tools] Page 64: fetching...
  Found 25 product IDs
[Tools] Page 65: fetching...
  Found 28 product IDs
[Tools] Page 66: fetching...
  Found 25 product IDs
[Tools] Page 67: fetching...
  Found 25 product IDs
[Tools] Page 68: fetching...
  Found 26 product IDs
[Tools] Page 69: fetching...
  Found 25 product IDs
[Tools] Page 70: fetching...
  Found 26 product IDs
[Tools] Page 71: fetching...
  Found 25 product IDs
[Tools] Page 72: fetching...
  Found 26 product IDs
[Tools] Page 73: fetching...
  Found 25 product IDs
[Tools] Page 74: fetching...
  Found 25 product IDs
[Tools] Page 75: fetching...
  Found 26 product IDs
[Tools] Page 76: fetching...
  Found 25 product IDs
[Tools] Page 77: fetching...
  Found 26 product IDs
[Tools] Page 78: fetching...
  Found 26 product IDs
[Tools] Page 79: fetching...
  Found 28 product IDs
[Tools] Page 80: fetching...
  Found 28 product IDs
[Tools] Page 81: fetching...
  Found 25 product IDs
[Tools] Page 82: fetching...
  Found 26 product IDs
[Tools] Page 83: fetching...
  Found 25 product IDs
[Tools] Page 84: fetching...
  Found 26 product IDs
[Tools] Page 85: fetching...
  Found 25 product IDs
[Tools] Page 86: fetching...
  Found 30 product IDs
[Tools] Page 87: fetching...
  Found 28 product IDs
[Tools] Page 88: fetching...
  Found 25 product IDs
[Tools] Page 89: fetching...
  Found 25 product IDs
[Tools] Page 90: fetching...
  Found 25 product IDs
[Tools] Page 91: fetching...
  Found 25 product IDs
[Tools] Page 92: fetching...
  Found 26 product IDs
[Tools] Page 93: fetching...
  Found 25 product IDs
[Tools] Page 94: fetching...
  Found 25 product IDs
[Tools] Page 95: fetching...
  Found 26 product IDs
[Tools] Page 96: fetching...
  Found 25 product IDs
[Tools] Page 97: fetching...
  Found 26 product IDs
[Tools] Page 98: fetching...
  Found 25 product IDs
[Tools] Page 99: fetching...
  Found 25 product IDs
[Tools] Page 100: fetching...
  Found 25 product IDs
[Tools / Routers] Done: {'scraped': 54, 'ingested': 54, 'updated': 0, 'failed': 0, 'pages': 96}
[Tools / Table Saws] Starting...
[Tools] Page 1: fetching...
  Found 26 product IDs
[Tools] Page 2: fetching...
  Found 26 product IDs
[Tools] Page 3: fetching...
  Found 25 product IDs
[Tools] Page 4: fetching...
  Found 26 product IDs
[Tools] Page 5: fetching...
  Found 30 product IDs
[Tools] Page 6: fetching...
  Found 26 product IDs
[Tools] Page 7: fetching...
  Found 26 product IDs
[Tools] Page 8: fetching...
  Found 25 product IDs
[Tools] Page 9: fetching...
  Found 26 product IDs
[Tools] Page 10: fetching...
  Found 26 product IDs
[Tools] Page 11: fetching...
  Found 26 product IDs
[Tools] Page 12: fetching...
  Found 26 product IDs
[Tools] Page 13: fetching...
  Found 29 product IDs
[Tools] Page 14: fetching...
  Found 26 product IDs
[Tools] Page 15: fetching...
  Found 26 product IDs
[Tools] Page 16: fetching...
  Found 26 product IDs
[Tools] Page 17: fetching...
  Found 26 product IDs
[Tools] Page 18: fetching...
  Found 26 product IDs
[Tools] Page 19: fetching...
  Found 26 product IDs
[Tools] Page 20: fetching...
  Found 26 product IDs
[Tools] Page 21: fetching...
[Tools] Page 21: no product IDs found
[Tools] Page 22: fetching...
  Found 29 product IDs
[Tools] Page 23: fetching...
  Found 26 product IDs
[Tools] Page 24: fetching...
  Found 26 product IDs
[Tools] Page 25: fetching...
  Found 31 product IDs
[Tools] Page 26: fetching...
  Found 30 product IDs
[Tools] Page 27: fetching...
  Found 26 product IDs
[Tools] Page 28: fetching...
  Found 26 product IDs
[Tools] Page 29: fetching...
  Found 26 product IDs
[Tools] Page 30: fetching...
  Found 29 product IDs
[Tools] Page 31: fetching...
  Found 26 product IDs
[Tools] Page 32: fetching...
  Found 26 product IDs
[Tools] Page 33: fetching...
  Found 26 product IDs
[Tools] Page 34: fetching...
  Found 29 product IDs
[Tools] Page 35: fetching...
  Found 26 product IDs
[Tools] Page 36: fetching...
  Found 26 product IDs
[Tools] Page 37: fetching...
  Found 26 product IDs
[Tools] Page 38: fetching...
  Found 26 product IDs
[Tools] Page 39: fetching...
  Found 26 product IDs
[Tools] Page 40: fetching...
  Found 26 product IDs
[Tools] Page 41: fetching...
