2026-05-03T14:25:33Z|884|0|78
2026-05-03T14:25:33Z|woo|nuvanta.com.sg|api=/wp-json/wc/store/v1/products|scraped=78|ingested=0|failed=78|errors=none
2026-05-03T14:25:33Z|woo|paragontraders.com.sg|api=/wp-json/wc/store/v1/products|scraped=806|ingested=0|failed=0|errors=Normalization produced no valid products
2026-05-03T14:26:52Z|78|0|78
2026-05-03T14:26:52Z|woo|nuvanta.com.sg|api=/wp-json/wc/store/v1/products|scraped=78|ingested=0|failed=78|errors=none
2026-05-03T14:30:04Z|884|78|0
2026-05-03T14:30:04Z|woo|spectaclehut.com.sg|api=not_found|scraped=0|ingested=0|failed=0|errors=No products found
2026-05-03T14:30:04Z|woo|nuvanta.com.sg|api=/wp-json/wc/store/v1/products|scraped=78|ingested=78|failed=0|errors=none
2026-05-03T14:30:04Z|woo|paragontraders.com.sg|api=/wp-json/wc/store/v1/products|scraped=806|ingested=0|failed=0|errors=Normalization produced no valid products
2026-05-03T14:30:04Z|woo|thegroomingtable.com|api=not_found|scraped=0|ingested=0|failed=0|errors=No products found
2026-05-03T14:30:04Z|woo|hipvan.com|api=not_found|scraped=0|ingested=0|failed=0|errors=No products found
2026-05-03T14:30:04Z|woo|mothercare.com.sg|api=not_found|scraped=0|ingested=0|failed=0|errors=No products found
2026-05-03T14:30:04Z|woo|pomelofashion.com|api=not_found|scraped=0|ingested=0|failed=0|errors=No products found
2026-05-03T14:30:04Z|woo|hockhua.com|api=not_found|scraped=0|ingested=0|failed=0|errors=No products found
2026-05-03T14:30:04Z|woo|ztp.com.sg|api=not_found|scraped=0|ingested=0|failed=0|errors=No products found
2026-05-03T14:30:04Z|woo|euyansang.com.sg|api=not_found|scraped=0|ingested=0|failed=0|errors=No products found
2026-05-03T14:30:04Z|woo|horme.com.sg|api=not_found|scraped=0|ingested=0|failed=0|errors=No products found
2026-05-03T14:30:04Z|woo|home-fix.com|api=not_found|scraped=0|ingested=0|failed=0|errors=No products found
2026-05-03T14:30:04Z|woo|mrdiy.com|api=not_found|scraped=0|ingested=0|failed=0|errors=No products found
2026-05-03T14:30:04Z|woo|pupsikstudio.com|api=not_found|scraped=0|ingested=0|failed=0|errors=No products found
2026-05-03T14:30:04Z|woo|mummysmarket.com.sg|api=not_found|scraped=0|ingested=0|failed=0|errors=No products found
2026-05-03T14:30:04Z|woo|monoprice.com|api=/wp-json/wc/store/v1/products|scraped=0|ingested=0|failed=0|errors=auth_required (403)
2026-05-03T14:30:04Z|woo|garrettwade.com|api=not_found|scraped=0|ingested=0|failed=0|errors=No products found
2026-05-03T14:30:04Z|woo|leevalley.com|api=not_found|scraped=0|ingested=0|failed=0|errors=No products found
2026-05-03T14:30:04Z|woo|woodcraft.com|api=not_found|scraped=0|ingested=0|failed=0|errors=No products found
2026-05-03T14:30:04Z|woo|rockler.com|api=not_found|scraped=0|ingested=0|failed=0|errors=No products found
2026-05-03T14:30:04Z|woo|tekton.com|api=not_found|scraped=0|ingested=0|failed=0|errors=No products found
2026-05-03T14:30:04Z|woo|leatherman.com|api=not_found|scraped=0|ingested=0|failed=0|errors=No products found
2026-05-03T14:30:04Z|woo|benchmade.com|api=not_found|scraped=0|ingested=0|failed=0|errors=No products found
2026-05-03T14:30:04Z|woo|cotopaxi.com|api=not_found|scraped=0|ingested=0|failed=0|errors=No products found
2026-05-03T14:30:04Z|woo|topodesigns.com|api=not_found|scraped=0|ingested=0|failed=0|errors=No products found
2026-05-03T14:30:04Z|woo|mysteryranch.com|api=not_found|scraped=0|ingested=0|failed=0|errors=No products found
2026-05-03T14:30:04Z|woo|osprey.com|api=/wp-json/wc/store/v1/products|scraped=0|ingested=0|failed=0|errors=auth_required (403)
2026-05-03T14:30:04Z|woo|kleankanteen.com|api=not_found|scraped=0|ingested=0|failed=0|errors=No products found
2026-05-03T14:30:04Z|woo|hydroflask.com|api=/wp-json/wc/store/v1/products|scraped=0|ingested=0|failed=0|errors=auth_required (403)
2026-05-03T14:30:04Z|woo|colourpop.com|api=not_found|scraped=0|ingested=0|failed=0|errors=No products found
2026-05-03T14:30:04Z|woo|thebeautybar.com.ph|api=not_found|scraped=0|ingested=0|failed=0|errors=No products found
2026-05-03T14:30:04Z|woo|hauslabs.com|api=not_found|scraped=0|ingested=0|failed=0|errors=No products found
2026-05-03T14:30:04Z|woo|kyliecosmetics.com|api=not_found|scraped=0|ingested=0|failed=0|errors=No products found
2026-05-03T14:30:04Z|woo|tatcha.com|api=not_found|scraped=0|ingested=0|failed=0|errors=No products found
2026-05-03T14:30:04Z|woo|laprairie.com|api=not_found|scraped=0|ingested=0|failed=0|errors=No products found
2026-05-03T14:30:04Z|woo|glossier.com|api=not_found|scraped=0|ingested=0|failed=0|errors=No products found
2026-05-03T14:30:04Z|woo|article.com|api=/wp-json/wc/store/v1/products|scraped=0|ingested=0|failed=0|errors=auth_required (403)
2026-05-03T14:30:04Z|woo|burrow.com|api=not_found|scraped=0|ingested=0|failed=0|errors=No products found
2026-05-03T14:30:04Z|woo|floydhome.com|api=not_found|scraped=0|ingested=0|failed=0|errors=No products found
2026-05-03T14:30:04Z|woo|joybird.com|api=/wp-json/wc/store/v1/products|scraped=0|ingested=0|failed=0|errors=auth_required (403)
2026-05-03T14:30:04Z|woo|insideweather.com|api=not_found|scraped=0|ingested=0|failed=0|errors=No products found
2026-05-03T14:30:04Z|woo|snowehome.com|api=not_found|scraped=0|ingested=0|failed=0|errors=No products found
2026-05-03T14:30:04Z|woo|drop.com|api=not_found|scraped=0|ingested=0|failed=0|errors=No products found
2026-05-03T14:30:04Z|woo|nomadgoods.com|api=not_found|scraped=0|ingested=0|failed=0|errors=No products found
2026-05-03T14:30:04Z|woo|anker.com|api=not_found|scraped=0|ingested=0|failed=0|errors=No products found
2026-05-03T14:30:04Z|woo|ugreen.com|api=not_found|scraped=0|ingested=0|failed=0|errors=No products found
2026-05-03T14:30:04Z|woo|satechi.net|api=not_found|scraped=0|ingested=0|failed=0|errors=No products found
2026-05-03T14:30:04Z|woo|twelve-south.com|api=not_found|scraped=0|ingested=0|failed=0|errors=No products found
2026-05-03T14:30:04Z|gs|https://www.nuvanta.com.sg/feed/googlebase.xml|scraped=0|ingested=0|failed=0|errors=HTTP 404
2026-05-03T14:30:04Z|gs|https://www.spectaclehut.com.sg/feed/googlebase.xml|scraped=0|ingested=0|failed=0|errors=HTTP 404
2026-05-03T14:30:04Z|gs|https://www.spectaclehut.com.sg/?feed=googlebase|scraped=0|ingested=0|failed=0|errors=HTTP 404
2026-05-03T14:30:04Z|gs|https://www.monoprice.com/feed/googlebase.xml|scraped=0|ingested=0|failed=0|errors=HTTP 403
2026-05-03T14:30:04Z|gs|https://www.monoprice.com/googlebase.xml|scraped=0|ingested=0|failed=0|errors=HTTP 403
2026-05-03T14:30:04Z|gs|https://www.anker.com/googlebase.xml|scraped=0|ingested=0|failed=0|errors=HTTP 404
2026-05-03T14:30:04Z|gs|https://www.leatherman.com/googlebase.xml|scraped=0|ingested=0|failed=0|errors=HTTP 404
2026-05-03T14:30:04Z|gs|https://burst.shopify.com/products.xml|scraped=0|ingested=0|failed=0|errors=HTTP 404
