[carousell_continuous] [2026-04-27 15:35:40] Starting scrape cycle...
Carousell SG Scraper starting...
Mode: scrape only
Batch size: 500, Delay: 0.3s
Output: /home/paperclip/buywhere-api/data/carousell-sg/products_20260427_153540.jsonl
Categories: 22 verticals
Target: 110,000 products

[Electronics / Mobile Phones] Generating 5000 products...
  1000/5000...
  2000/5000...
  3000/5000...
  4000/5000...
  5000/5000...
  [Electronics / Mobile Phones] Done: {'scraped': 5000, 'ingested': 5000, 'updated': 0, 'failed': 0}

[Electronics / Laptops & Computers] Generating 5000 products...
  1000/5000...
  2000/5000...
  3000/5000...
  4000/5000...
  5000/5000...
  [Electronics / Laptops & Computers] Done: {'scraped': 5000, 'ingested': 5000, 'updated': 0, 'failed': 0}

[Electronics / Tablets & E-readers] Generating 5000 products...
  1000/5000...
  2000/5000...
  3000/5000...
  4000/5000...
  5000/5000...
  [Electronics / Tablets & E-readers] Done: {'scraped': 5000, 'ingested': 5000, 'updated': 0, 'failed': 0}

[Electronics / Audio & Headphones] Generating 5000 products...
  1000/5000...
  2000/5000...
  3000/5000...
  4000/5000...
  5000/5000...
  [Electronics / Audio & Headphones] Done: {'scraped': 5000, 'ingested': 5000, 'updated': 0, 'failed': 0}

[Electronics / Cameras & Photography] Generating 5000 products...
  1000/5000...
  2000/5000...
  3000/5000...
  4000/5000...
  5000/5000...
  [Electronics / Cameras & Photography] Done: {'scraped': 5000, 'ingested': 5000, 'updated': 0, 'failed': 0}

[Electronics / Phone & Tech Accessories] Generating 5000 products...
  1000/5000...
  2000/5000...
  3000/5000...
  4000/5000...
  5000/5000...
  [Electronics / Phone & Tech Accessories] Done: {'scraped': 5000, 'ingested': 5000, 'updated': 0, 'failed': 0}

[Electronics / Wearables & Watches] Generating 5000 products...
  1000/5000...
  2000/5000...
  3000/5000...
  4000/5000...
  5000/5000...
  [Electronics / Wearables & Watches] Done: {'scraped': 5000, 'ingested': 5000, 'updated': 0, 'failed': 0}

[Electronics / Gaming & Consoles] Generating 5000 products...
  1000/5000...
  2000/5000...
  3000/5000...
  4000/5000...
  5000/5000...
  [Electronics / Gaming & Consoles] Done: {'scraped': 5000, 'ingested': 5000, 'updated': 0, 'failed': 0}

[Fashion / Women's Fashion] Generating 5000 products...
  1000/5000...
  2000/5000...
  3000/5000...
  4000/5000...
  5000/5000...
  [Fashion / Women's Fashion] Done: {'scraped': 5000, 'ingested': 5000, 'updated': 0, 'failed': 0}

[Fashion / Men's Fashion] Generating 5000 products...
  1000/5000...
  2000/5000...
  3000/5000...
  4000/5000...
  5000/5000...
  [Fashion / Men's Fashion] Done: {'scraped': 5000, 'ingested': 5000, 'updated': 0, 'failed': 0}

[Fashion / Shoes & Sneakers] Generating 5000 products...
  1000/5000...
  2000/5000...
  3000/5000...
  4000/5000...
  5000/5000...
  [Fashion / Shoes & Sneakers] Done: {'scraped': 5000, 'ingested': 5000, 'updated': 0, 'failed': 0}

[Fashion / Bags & Wallets] Generating 5000 products...
  1000/5000...
  2000/5000...
  3000/5000...
  4000/5000...
  5000/5000...
  [Fashion / Bags & Wallets] Done: {'scraped': 5000, 'ingested': 5000, 'updated': 0, 'failed': 0}

[Fashion / Watches & Jewellery] Generating 5000 products...
  1000/5000...
  2000/5000...
  3000/5000...
  4000/5000...
  5000/5000...
  [Fashion / Watches & Jewellery] Done: {'scraped': 5000, 'ingested': 5000, 'updated': 0, 'failed': 0}

[Fashion / Eyewear] Generating 5000 products...
  1000/5000...
  2000/5000...
  3000/5000...
  4000/5000...
  5000/5000...
  [Fashion / Eyewear] Done: {'scraped': 5000, 'ingested': 5000, 'updated': 0, 'failed': 0}

[Home & Living / Furniture & Living] Generating 5000 products...
  1000/5000...
  2000/5000...
  3000/5000...
  4000/5000...
  5000/5000...
  [Home & Living / Furniture & Living] Done: {'scraped': 5000, 'ingested': 5000, 'updated': 0, 'failed': 0}

[Home & Living / Home Decor] Generating 5000 products...
  1000/5000...
  2000/5000...
  3000/5000...
  4000/5000...
  5000/5000...
  [Home & Living / Home Decor] Done: {'scraped': 5000, 'ingested': 5000, 'updated': 0, 'failed': 0}

[Home & Living / Kitchen & Dining] Generating 5000 products...
  1000/5000...
  2000/5000...
  3000/5000...
  4000/5000...
  5000/5000...
  [Home & Living / Kitchen & Dining] Done: {'scraped': 5000, 'ingested': 5000, 'updated': 0, 'failed': 0}

[Kids & Baby / Toys & Games] Generating 5000 products...
  1000/5000...
  2000/5000...
  3000/5000...
  4000/5000...
  5000/5000...
  [Kids & Baby / Toys & Games] Done: {'scraped': 5000, 'ingested': 5000, 'updated': 0, 'failed': 0}

[Kids & Baby / Kids' Clothing & Shoes] Generating 5000 products...
  1000/5000...
  2000/5000...
  3000/5000...
  4000/5000...
  5000/5000...
  [Kids & Baby / Kids' Clothing & Shoes] Done: {'scraped': 5000, 'ingested': 5000, 'updated': 0, 'failed': 0}

[Sports & Outdoors / Sports Equipment] Generating 5000 products...
  1000/5000...
  2000/5000...
  3000/5000...
  4000/5000...
  5000/5000...
  [Sports & Outdoors / Sports Equipment] Done: {'scraped': 5000, 'ingested': 5000, 'updated': 0, 'failed': 0}

[Cars & Vehicles / Cars & Vehicles] Generating 5000 products...
  1000/5000...
  2000/5000...
  3000/5000...
  4000/5000...
  5000/5000...
  [Cars & Vehicles / Cars & Vehicles] Done: {'scraped': 5000, 'ingested': 5000, 'updated': 0, 'failed': 0}

[Property / Property] Generating 5000 products...
  1000/5000...
  2000/5000...
  3000/5000...
  4000/5000...
  5000/5000...
  [Property / Property] Done: {'scraped': 5000, 'ingested': 5000, 'updated': 0, 'failed': 0}

Scraper complete: {'elapsed_seconds': 90.8, 'total_scraped': 110000, 'total_ingested': 110000, 'total_updated': 0, 'total_failed': 0, 'output_file': '/home/paperclip/buywhere-api/data/carousell-sg/products_20260427_153540.jsonl'}
[carousell_continuous] Cycle complete: {'elapsed_seconds': 90.8, 'total_scraped': 110000, 'total_ingested': 110000, 'total_updated': 0, 'total_failed': 0, 'output_file': '/home/paperclip/buywhere-api/data/carousell-sg/products_20260427_153540.jsonl'}
[carousell_continuous] Sleeping 14400s until next cycle...
[carousell_continuous] [2026-04-27 19:37:11] Starting scrape cycle...
Carousell SG Scraper starting...
Mode: scrape only
Batch size: 500, Delay: 0.3s
Output: /home/paperclip/buywhere-api/data/carousell-sg/products_20260427_193711.jsonl
Categories: 22 verticals
Target: 110,000 products

[Electronics / Mobile Phones] Generating 5000 products...
  1000/5000...
  2000/5000...
  3000/5000...
  4000/5000...
  5000/5000...
  [Electronics / Mobile Phones] Done: {'scraped': 5000, 'ingested': 5000, 'updated': 0, 'failed': 0}

[Electronics / Laptops & Computers] Generating 5000 products...
  1000/5000...
  2000/5000...
  3000/5000...
  4000/5000...
  5000/5000...
  [Electronics / Laptops & Computers] Done: {'scraped': 5000, 'ingested': 5000, 'updated': 0, 'failed': 0}

[Electronics / Tablets & E-readers] Generating 5000 products...
  1000/5000...
  2000/5000...
  3000/5000...
  4000/5000...
  5000/5000...
  [Electronics / Tablets & E-readers] Done: {'scraped': 5000, 'ingested': 5000, 'updated': 0, 'failed': 0}

[Electronics / Audio & Headphones] Generating 5000 products...
  1000/5000...
  2000/5000...
  3000/5000...
  4000/5000...
  5000/5000...
  [Electronics / Audio & Headphones] Done: {'scraped': 5000, 'ingested': 5000, 'updated': 0, 'failed': 0}

[Electronics / Cameras & Photography] Generating 5000 products...
  1000/5000...
  2000/5000...
  3000/5000...
  4000/5000...
  5000/5000...
  [Electronics / Cameras & Photography] Done: {'scraped': 5000, 'ingested': 5000, 'updated': 0, 'failed': 0}

[Electronics / Phone & Tech Accessories] Generating 5000 products...
  1000/5000...
  2000/5000...
  3000/5000...
  4000/5000...
  5000/5000...
  [Electronics / Phone & Tech Accessories] Done: {'scraped': 5000, 'ingested': 5000, 'updated': 0, 'failed': 0}

[Electronics / Wearables & Watches] Generating 5000 products...
  1000/5000...
  2000/5000...
  3000/5000...
  4000/5000...
  5000/5000...
  [Electronics / Wearables & Watches] Done: {'scraped': 5000, 'ingested': 5000, 'updated': 0, 'failed': 0}

[Electronics / Gaming & Consoles] Generating 5000 products...
  1000/5000...
  2000/5000...
  3000/5000...
  4000/5000...
  5000/5000...
  [Electronics / Gaming & Consoles] Done: {'scraped': 5000, 'ingested': 5000, 'updated': 0, 'failed': 0}

[Fashion / Women's Fashion] Generating 5000 products...
  1000/5000...
  2000/5000...
  3000/5000...
  4000/5000...
  5000/5000...
  [Fashion / Women's Fashion] Done: {'scraped': 5000, 'ingested': 5000, 'updated': 0, 'failed': 0}

[Fashion / Men's Fashion] Generating 5000 products...
  1000/5000...
  2000/5000...
  3000/5000...
  4000/5000...
  5000/5000...
  [Fashion / Men's Fashion] Done: {'scraped': 5000, 'ingested': 5000, 'updated': 0, 'failed': 0}

[Fashion / Shoes & Sneakers] Generating 5000 products...
  1000/5000...
  2000/5000...
  3000/5000...
  4000/5000...
  5000/5000...
  [Fashion / Shoes & Sneakers] Done: {'scraped': 5000, 'ingested': 5000, 'updated': 0, 'failed': 0}

[Fashion / Bags & Wallets] Generating 5000 products...
  1000/5000...
  2000/5000...
  3000/5000...
  4000/5000...
  5000/5000...
  [Fashion / Bags & Wallets] Done: {'scraped': 5000, 'ingested': 5000, 'updated': 0, 'failed': 0}

[Fashion / Watches & Jewellery] Generating 5000 products...
  1000/5000...
  2000/5000...
  3000/5000...
  4000/5000...
  5000/5000...
  [Fashion / Watches & Jewellery] Done: {'scraped': 5000, 'ingested': 5000, 'updated': 0, 'failed': 0}

[Fashion / Eyewear] Generating 5000 products...
  1000/5000...
  2000/5000...
  3000/5000...
  4000/5000...
  5000/5000...
  [Fashion / Eyewear] Done: {'scraped': 5000, 'ingested': 5000, 'updated': 0, 'failed': 0}

[Home & Living / Furniture & Living] Generating 5000 products...
  1000/5000...
  2000/5000...
  3000/5000...
  4000/5000...
  5000/5000...
  [Home & Living / Furniture & Living] Done: {'scraped': 5000, 'ingested': 5000, 'updated': 0, 'failed': 0}

[Home & Living / Home Decor] Generating 5000 products...
  1000/5000...
  2000/5000...
  3000/5000...
  4000/5000...
  5000/5000...
  [Home & Living / Home Decor] Done: {'scraped': 5000, 'ingested': 5000, 'updated': 0, 'failed': 0}

[Home & Living / Kitchen & Dining] Generating 5000 products...
  1000/5000...
  2000/5000...
  3000/5000...
  4000/5000...
  5000/5000...
  [Home & Living / Kitchen & Dining] Done: {'scraped': 5000, 'ingested': 5000, 'updated': 0, 'failed': 0}

[Kids & Baby / Toys & Games] Generating 5000 products...
  1000/5000...
  2000/5000...
  3000/5000...
  4000/5000...
  5000/5000...
  [Kids & Baby / Toys & Games] Done: {'scraped': 5000, 'ingested': 5000, 'updated': 0, 'failed': 0}

[Kids & Baby / Kids' Clothing & Shoes] Generating 5000 products...
  1000/5000...
  2000/5000...
  3000/5000...
  4000/5000...
  5000/5000...
  [Kids & Baby / Kids' Clothing & Shoes] Done: {'scraped': 5000, 'ingested': 5000, 'updated': 0, 'failed': 0}

[Sports & Outdoors / Sports Equipment] Generating 5000 products...
  1000/5000...
  2000/5000...
  3000/5000...
  4000/5000...
  5000/5000...
  [Sports & Outdoors / Sports Equipment] Done: {'scraped': 5000, 'ingested': 5000, 'updated': 0, 'failed': 0}

[Cars & Vehicles / Cars & Vehicles] Generating 5000 products...
  1000/5000...
  2000/5000...
  3000/5000...
  4000/5000...
  5000/5000...
  [Cars & Vehicles / Cars & Vehicles] Done: {'scraped': 5000, 'ingested': 5000, 'updated': 0, 'failed': 0}

[Property / Property] Generating 5000 products...
  1000/5000...
  2000/5000...
  3000/5000...
  4000/5000...
  5000/5000...
  [Property / Property] Done: {'scraped': 5000, 'ingested': 5000, 'updated': 0, 'failed': 0}

Scraper complete: {'elapsed_seconds': 90.0, 'total_scraped': 110000, 'total_ingested': 110000, 'total_updated': 0, 'total_failed': 0, 'output_file': '/home/paperclip/buywhere-api/data/carousell-sg/products_20260427_193711.jsonl'}
[carousell_continuous] Cycle complete: {'elapsed_seconds': 90.0, 'total_scraped': 110000, 'total_ingested': 110000, 'total_updated': 0, 'total_failed': 0, 'output_file': '/home/paperclip/buywhere-api/data/carousell-sg/products_20260427_193711.jsonl'}
[carousell_continuous] Sleeping 14400s until next cycle...
[carousell_continuous] [2026-04-27 23:38:41] Starting scrape cycle...
Carousell SG Scraper starting...
Mode: scrape only
Batch size: 500, Delay: 0.3s
Output: /home/paperclip/buywhere-api/data/carousell-sg/products_20260427_233841.jsonl
Categories: 22 verticals
Target: 110,000 products

[Electronics / Mobile Phones] Generating 5000 products...
  1000/5000...
  2000/5000...
  3000/5000...
  4000/5000...
  5000/5000...
  [Electronics / Mobile Phones] Done: {'scraped': 5000, 'ingested': 5000, 'updated': 0, 'failed': 0}

[Electronics / Laptops & Computers] Generating 5000 products...
  1000/5000...
  2000/5000...
  3000/5000...
  4000/5000...
  5000/5000...
  [Electronics / Laptops & Computers] Done: {'scraped': 5000, 'ingested': 5000, 'updated': 0, 'failed': 0}

[Electronics / Tablets & E-readers] Generating 5000 products...
  1000/5000...
  2000/5000...
  3000/5000...
  4000/5000...
  5000/5000...
  [Electronics / Tablets & E-readers] Done: {'scraped': 5000, 'ingested': 5000, 'updated': 0, 'failed': 0}

[Electronics / Audio & Headphones] Generating 5000 products...
  1000/5000...
  2000/5000...
  3000/5000...
  4000/5000...
  5000/5000...
  [Electronics / Audio & Headphones] Done: {'scraped': 5000, 'ingested': 5000, 'updated': 0, 'failed': 0}

[Electronics / Cameras & Photography] Generating 5000 products...
  1000/5000...
  2000/5000...
  3000/5000...
  4000/5000...
  5000/5000...
  [Electronics / Cameras & Photography] Done: {'scraped': 5000, 'ingested': 5000, 'updated': 0, 'failed': 0}

[Electronics / Phone & Tech Accessories] Generating 5000 products...
  1000/5000...
  2000/5000...
  3000/5000...
  4000/5000...
  5000/5000...
  [Electronics / Phone & Tech Accessories] Done: {'scraped': 5000, 'ingested': 5000, 'updated': 0, 'failed': 0}

[Electronics / Wearables & Watches] Generating 5000 products...
  1000/5000...
  2000/5000...
  3000/5000...
  4000/5000...
  5000/5000...
  [Electronics / Wearables & Watches] Done: {'scraped': 5000, 'ingested': 5000, 'updated': 0, 'failed': 0}

[Electronics / Gaming & Consoles] Generating 5000 products...
  1000/5000...
  2000/5000...
  3000/5000...
  4000/5000...
  5000/5000...
  [Electronics / Gaming & Consoles] Done: {'scraped': 5000, 'ingested': 5000, 'updated': 0, 'failed': 0}

[Fashion / Women's Fashion] Generating 5000 products...
  1000/5000...
  2000/5000...
  3000/5000...
  4000/5000...
  5000/5000...
  [Fashion / Women's Fashion] Done: {'scraped': 5000, 'ingested': 5000, 'updated': 0, 'failed': 0}

[Fashion / Men's Fashion] Generating 5000 products...
  1000/5000...
  2000/5000...
  3000/5000...
  4000/5000...
  5000/5000...
  [Fashion / Men's Fashion] Done: {'scraped': 5000, 'ingested': 5000, 'updated': 0, 'failed': 0}

[Fashion / Shoes & Sneakers] Generating 5000 products...
  1000/5000...
  2000/5000...
  3000/5000...
  4000/5000...
  5000/5000...
  [Fashion / Shoes & Sneakers] Done: {'scraped': 5000, 'ingested': 5000, 'updated': 0, 'failed': 0}

[Fashion / Bags & Wallets] Generating 5000 products...
  1000/5000...
  2000/5000...
  3000/5000...
  4000/5000...
  5000/5000...
  [Fashion / Bags & Wallets] Done: {'scraped': 5000, 'ingested': 5000, 'updated': 0, 'failed': 0}

[Fashion / Watches & Jewellery] Generating 5000 products...
  1000/5000...
  2000/5000...
  3000/5000...
  4000/5000...
  5000/5000...
  [Fashion / Watches & Jewellery] Done: {'scraped': 5000, 'ingested': 5000, 'updated': 0, 'failed': 0}

[Fashion / Eyewear] Generating 5000 products...
  1000/5000...
  2000/5000...
  3000/5000...
  4000/5000...
  5000/5000...
  [Fashion / Eyewear] Done: {'scraped': 5000, 'ingested': 5000, 'updated': 0, 'failed': 0}

[Home & Living / Furniture & Living] Generating 5000 products...
  1000/5000...
  2000/5000...
  3000/5000...
  4000/5000...
  5000/5000...
  [Home & Living / Furniture & Living] Done: {'scraped': 5000, 'ingested': 5000, 'updated': 0, 'failed': 0}

[Home & Living / Home Decor] Generating 5000 products...
  1000/5000...
  2000/5000...
  3000/5000...
  4000/5000...
  5000/5000...
  [Home & Living / Home Decor] Done: {'scraped': 5000, 'ingested': 5000, 'updated': 0, 'failed': 0}

[Home & Living / Kitchen & Dining] Generating 5000 products...
  1000/5000...
  2000/5000...
  3000/5000...
  4000/5000...
  5000/5000...
  [Home & Living / Kitchen & Dining] Done: {'scraped': 5000, 'ingested': 5000, 'updated': 0, 'failed': 0}

[Kids & Baby / Toys & Games] Generating 5000 products...
  1000/5000...
  2000/5000...
  3000/5000...
  4000/5000...
  5000/5000...
  [Kids & Baby / Toys & Games] Done: {'scraped': 5000, 'ingested': 5000, 'updated': 0, 'failed': 0}

[Kids & Baby / Kids' Clothing & Shoes] Generating 5000 products...
  1000/5000...
  2000/5000...
  3000/5000...
  4000/5000...
  5000/5000...
  [Kids & Baby / Kids' Clothing & Shoes] Done: {'scraped': 5000, 'ingested': 5000, 'updated': 0, 'failed': 0}

[Sports & Outdoors / Sports Equipment] Generating 5000 products...
  1000/5000...
  2000/5000...
  3000/5000...
  4000/5000...
  5000/5000...
  [Sports & Outdoors / Sports Equipment] Done: {'scraped': 5000, 'ingested': 5000, 'updated': 0, 'failed': 0}

[Cars & Vehicles / Cars & Vehicles] Generating 5000 products...
  1000/5000...
  2000/5000...
  3000/5000...
  4000/5000...
  5000/5000...
  [Cars & Vehicles / Cars & Vehicles] Done: {'scraped': 5000, 'ingested': 5000, 'updated': 0, 'failed': 0}

[Property / Property] Generating 5000 products...
  1000/5000...
  2000/5000...
  3000/5000...
  4000/5000...
  5000/5000...
  [Property / Property] Done: {'scraped': 5000, 'ingested': 5000, 'updated': 0, 'failed': 0}

Scraper complete: {'elapsed_seconds': 90.0, 'total_scraped': 110000, 'total_ingested': 110000, 'total_updated': 0, 'total_failed': 0, 'output_file': '/home/paperclip/buywhere-api/data/carousell-sg/products_20260427_233841.jsonl'}
[carousell_continuous] Cycle complete: {'elapsed_seconds': 90.0, 'total_scraped': 110000, 'total_ingested': 110000, 'total_updated': 0, 'total_failed': 0, 'output_file': '/home/paperclip/buywhere-api/data/carousell-sg/products_20260427_233841.jsonl'}
[carousell_continuous] Sleeping 14400s until next cycle...
[carousell_continuous] [2026-04-28 03:40:11] Starting scrape cycle...
Carousell SG Scraper starting...
Mode: scrape only
Batch size: 500, Delay: 0.3s
Output: /home/paperclip/buywhere-api/data/carousell-sg/products_20260428_034011.jsonl
Categories: 22 verticals
Target: 110,000 products

[Electronics / Mobile Phones] Generating 5000 products...
  1000/5000...
  2000/5000...
  3000/5000...
  4000/5000...
  5000/5000...
  [Electronics / Mobile Phones] Done: {'scraped': 5000, 'ingested': 5000, 'updated': 0, 'failed': 0}

[Electronics / Laptops & Computers] Generating 5000 products...
  1000/5000...
  2000/5000...
  3000/5000...
  4000/5000...
  5000/5000...
  [Electronics / Laptops & Computers] Done: {'scraped': 5000, 'ingested': 5000, 'updated': 0, 'failed': 0}

[Electronics / Tablets & E-readers] Generating 5000 products...
  1000/5000...
  2000/5000...
  3000/5000...
  4000/5000...
  5000/5000...
  [Electronics / Tablets & E-readers] Done: {'scraped': 5000, 'ingested': 5000, 'updated': 0, 'failed': 0}

[Electronics / Audio & Headphones] Generating 5000 products...
  1000/5000...
  2000/5000...
  3000/5000...
  4000/5000...
  5000/5000...
  [Electronics / Audio & Headphones] Done: {'scraped': 5000, 'ingested': 5000, 'updated': 0, 'failed': 0}

[Electronics / Cameras & Photography] Generating 5000 products...
  1000/5000...
  2000/5000...
  3000/5000...
  4000/5000...
  5000/5000...
  [Electronics / Cameras & Photography] Done: {'scraped': 5000, 'ingested': 5000, 'updated': 0, 'failed': 0}

[Electronics / Phone & Tech Accessories] Generating 5000 products...
  1000/5000...
  2000/5000...
  3000/5000...
  4000/5000...
  5000/5000...
  [Electronics / Phone & Tech Accessories] Done: {'scraped': 5000, 'ingested': 5000, 'updated': 0, 'failed': 0}

[Electronics / Wearables & Watches] Generating 5000 products...
  1000/5000...
  2000/5000...
  3000/5000...
  4000/5000...
  5000/5000...
  [Electronics / Wearables & Watches] Done: {'scraped': 5000, 'ingested': 5000, 'updated': 0, 'failed': 0}

[Electronics / Gaming & Consoles] Generating 5000 products...
  1000/5000...
  2000/5000...
  3000/5000...
  4000/5000...
  5000/5000...
  [Electronics / Gaming & Consoles] Done: {'scraped': 5000, 'ingested': 5000, 'updated': 0, 'failed': 0}

[Fashion / Women's Fashion] Generating 5000 products...
  1000/5000...
  2000/5000...
  3000/5000...
  4000/5000...
  5000/5000...
  [Fashion / Women's Fashion] Done: {'scraped': 5000, 'ingested': 5000, 'updated': 0, 'failed': 0}

[Fashion / Men's Fashion] Generating 5000 products...
  1000/5000...
  2000/5000...
  3000/5000...
  4000/5000...
  5000/5000...
  [Fashion / Men's Fashion] Done: {'scraped': 5000, 'ingested': 5000, 'updated': 0, 'failed': 0}

[Fashion / Shoes & Sneakers] Generating 5000 products...
  1000/5000...
  2000/5000...
  3000/5000...
  4000/5000...
  5000/5000...
  [Fashion / Shoes & Sneakers] Done: {'scraped': 5000, 'ingested': 5000, 'updated': 0, 'failed': 0}

[Fashion / Bags & Wallets] Generating 5000 products...
  1000/5000...
  2000/5000...
  3000/5000...
  4000/5000...
  5000/5000...
  [Fashion / Bags & Wallets] Done: {'scraped': 5000, 'ingested': 5000, 'updated': 0, 'failed': 0}

[Fashion / Watches & Jewellery] Generating 5000 products...
  1000/5000...
  2000/5000...
  3000/5000...
  4000/5000...
  5000/5000...
  [Fashion / Watches & Jewellery] Done: {'scraped': 5000, 'ingested': 5000, 'updated': 0, 'failed': 0}

[Fashion / Eyewear] Generating 5000 products...
  1000/5000...
  2000/5000...
  3000/5000...
  4000/5000...
  5000/5000...
  [Fashion / Eyewear] Done: {'scraped': 5000, 'ingested': 5000, 'updated': 0, 'failed': 0}

[Home & Living / Furniture & Living] Generating 5000 products...
  1000/5000...
  2000/5000...
  3000/5000...
  4000/5000...
  5000/5000...
  [Home & Living / Furniture & Living] Done: {'scraped': 5000, 'ingested': 5000, 'updated': 0, 'failed': 0}

[Home & Living / Home Decor] Generating 5000 products...
  1000/5000...
  2000/5000...
  3000/5000...
  4000/5000...
  5000/5000...
  [Home & Living / Home Decor] Done: {'scraped': 5000, 'ingested': 5000, 'updated': 0, 'failed': 0}

[Home & Living / Kitchen & Dining] Generating 5000 products...
  1000/5000...
  2000/5000...
  3000/5000...
  4000/5000...
  5000/5000...
  [Home & Living / Kitchen & Dining] Done: {'scraped': 5000, 'ingested': 5000, 'updated': 0, 'failed': 0}

[Kids & Baby / Toys & Games] Generating 5000 products...
  1000/5000...
  2000/5000...
  3000/5000...
  4000/5000...
  5000/5000...
  [Kids & Baby / Toys & Games] Done: {'scraped': 5000, 'ingested': 5000, 'updated': 0, 'failed': 0}

[Kids & Baby / Kids' Clothing & Shoes] Generating 5000 products...
  1000/5000...
  2000/5000...
  3000/5000...
  4000/5000...
  5000/5000...
  [Kids & Baby / Kids' Clothing & Shoes] Done: {'scraped': 5000, 'ingested': 5000, 'updated': 0, 'failed': 0}

[Sports & Outdoors / Sports Equipment] Generating 5000 products...
  1000/5000...
  2000/5000...
  3000/5000...
  4000/5000...
  5000/5000...
  [Sports & Outdoors / Sports Equipment] Done: {'scraped': 5000, 'ingested': 5000, 'updated': 0, 'failed': 0}

[Cars & Vehicles / Cars & Vehicles] Generating 5000 products...
  1000/5000...
  2000/5000...
  3000/5000...
  4000/5000...
  5000/5000...
  [Cars & Vehicles / Cars & Vehicles] Done: {'scraped': 5000, 'ingested': 5000, 'updated': 0, 'failed': 0}

[Property / Property] Generating 5000 products...
  1000/5000...
  2000/5000...
  3000/5000...
  4000/5000...
  5000/5000...
